2018-07-13 19:16:20,806 0      [           main] DEBUG ache.ibatis.logging.LogFactory  - Logging initialized using 'class org.apache.ibatis.logging.log4j.Log4jImpl' adapter.
2018-07-13 19:16:20,952 146    [           main] DEBUG source.pooled.PooledDataSource  - PooledDataSource forcefully closed/removed all connections.
2018-07-13 19:16:20,952 146    [           main] DEBUG source.pooled.PooledDataSource  - PooledDataSource forcefully closed/removed all connections.
2018-07-13 19:16:20,952 146    [           main] DEBUG source.pooled.PooledDataSource  - PooledDataSource forcefully closed/removed all connections.
2018-07-13 19:16:20,952 146    [           main] DEBUG source.pooled.PooledDataSource  - PooledDataSource forcefully closed/removed all connections.
2018-07-13 19:16:21,023 217    [           main] DEBUG ansaction.jdbc.JdbcTransaction  - Opening JDBC Connection
2018-07-13 19:16:21,264 458    [           main] DEBUG source.pooled.PooledDataSource  - Created connection 1776957250.
2018-07-13 19:16:21,264 458    [           main] DEBUG ansaction.jdbc.JdbcTransaction  - Setting autocommit to false on JDBC Connection [com.mysql.jdbc.JDBC4Connection@69ea3742]
2018-07-13 19:16:21,267 461    [           main] DEBUG m.itheima.dao.IUserDao.findAll  - ==>  Preparing: select * from user 
2018-07-13 19:16:21,301 495    [           main] DEBUG m.itheima.dao.IUserDao.findAll  - ==> Parameters: 
2018-07-13 19:16:21,331 525    [           main] DEBUG m.itheima.dao.IUserDao.findAll  - <==      Total: 6
2018-07-13 19:16:21,332 526    [           main] DEBUG ansaction.jdbc.JdbcTransaction  - Resetting autocommit to true on JDBC Connection [com.mysql.jdbc.JDBC4Connection@69ea3742]
2018-07-13 19:16:21,332 526    [           main] DEBUG ansaction.jdbc.JdbcTransaction  - Closing JDBC Connection [com.mysql.jdbc.JDBC4Connection@69ea3742]
2018-07-13 19:16:21,332 526    [           main] DEBUG source.pooled.PooledDataSource  - Returned connection 1776957250 to pool.
2020-05-02 08:42:49,488 0      [           main] DEBUG ache.ibatis.logging.LogFactory  - Logging initialized using 'class org.apache.ibatis.logging.log4j.Log4jImpl' adapter.
2020-05-02 08:42:49,827 339    [           main] DEBUG source.pooled.PooledDataSource  - PooledDataSource forcefully closed/removed all connections.
2020-05-02 08:42:49,827 339    [           main] DEBUG source.pooled.PooledDataSource  - PooledDataSource forcefully closed/removed all connections.
2020-05-02 08:42:49,827 339    [           main] DEBUG source.pooled.PooledDataSource  - PooledDataSource forcefully closed/removed all connections.
2020-05-02 08:42:49,827 339    [           main] DEBUG source.pooled.PooledDataSource  - PooledDataSource forcefully closed/removed all connections.
2020-05-02 08:42:50,060 572    [           main] DEBUG ansaction.jdbc.JdbcTransaction  - Opening JDBC Connection
2020-05-02 08:43:37,108 0      [           main] DEBUG ache.ibatis.logging.LogFactory  - Logging initialized using 'class org.apache.ibatis.logging.log4j.Log4jImpl' adapter.
2020-05-02 08:43:37,523 415    [           main] DEBUG source.pooled.PooledDataSource  - PooledDataSource forcefully closed/removed all connections.
2020-05-02 08:43:37,523 415    [           main] DEBUG source.pooled.PooledDataSource  - PooledDataSource forcefully closed/removed all connections.
2020-05-02 08:43:37,523 415    [           main] DEBUG source.pooled.PooledDataSource  - PooledDataSource forcefully closed/removed all connections.
2020-05-02 08:43:37,523 415    [           main] DEBUG source.pooled.PooledDataSource  - PooledDataSource forcefully closed/removed all connections.
2020-05-02 08:43:37,781 673    [           main] DEBUG ansaction.jdbc.JdbcTransaction  - Opening JDBC Connection
2020-05-02 08:43:38,360 1252   [           main] DEBUG source.pooled.PooledDataSource  - Created connection 1776957250.
2020-05-02 08:43:38,360 1252   [           main] DEBUG ansaction.jdbc.JdbcTransaction  - Setting autocommit to false on JDBC Connection [com.mysql.jdbc.JDBC4Connection@69ea3742]
2020-05-02 08:43:38,366 1258   [           main] DEBUG m.itheima.dao.IUserDao.findAll  - ==>  Preparing: select * from user 
2020-05-02 08:43:38,458 1350   [           main] DEBUG m.itheima.dao.IUserDao.findAll  - ==> Parameters: 
2020-05-02 08:43:38,520 1412   [           main] DEBUG m.itheima.dao.IUserDao.findAll  - <==      Total: 6
2020-05-02 08:43:38,521 1413   [           main] DEBUG ansaction.jdbc.JdbcTransaction  - Resetting autocommit to true on JDBC Connection [com.mysql.jdbc.JDBC4Connection@69ea3742]
2020-05-02 08:43:38,522 1414   [           main] DEBUG ansaction.jdbc.JdbcTransaction  - Closing JDBC Connection [com.mysql.jdbc.JDBC4Connection@69ea3742]
2020-05-02 08:43:38,522 1414   [           main] DEBUG source.pooled.PooledDataSource  - Returned connection 1776957250 to pool.
