2018-07-13 19:05:05,932 0      [           main] DEBUG ache.ibatis.logging.LogFactory  - Logging initialized using 'class org.apache.ibatis.logging.log4j.Log4jImpl' adapter.
2018-07-13 19:05:06,045 113    [           main] DEBUG source.pooled.PooledDataSource  - PooledDataSource forcefully closed/removed all connections.
2018-07-13 19:05:06,046 114    [           main] DEBUG source.pooled.PooledDataSource  - PooledDataSource forcefully closed/removed all connections.
2018-07-13 19:05:06,046 114    [           main] DEBUG source.pooled.PooledDataSource  - PooledDataSource forcefully closed/removed all connections.
2018-07-13 19:05:06,046 114    [           main] DEBUG source.pooled.PooledDataSource  - PooledDataSource forcefully closed/removed all connections.
2018-07-13 19:05:06,082 150    [           main] DEBUG ansaction.jdbc.JdbcTransaction  - Opening JDBC Connection
2018-07-13 19:05:06,316 384    [           main] DEBUG source.pooled.PooledDataSource  - Created connection 1379435698.
2018-07-13 19:05:06,316 384    [           main] DEBUG ansaction.jdbc.JdbcTransaction  - Setting autocommit to false on JDBC Connection [com.mysql.jdbc.JDBC4Connection@523884b2]
2018-07-13 19:05:06,319 387    [           main] DEBUG m.itheima.dao.IUserDao.findAll  - ==>  Preparing: select * from user 
2018-07-13 19:05:06,351 419    [           main] DEBUG m.itheima.dao.IUserDao.findAll  - ==> Parameters: 
2018-07-13 19:05:06,381 449    [           main] DEBUG m.itheima.dao.IUserDao.findAll  - <==      Total: 6
2018-07-13 19:05:06,384 452    [           main] DEBUG ansaction.jdbc.JdbcTransaction  - Resetting autocommit to true on JDBC Connection [com.mysql.jdbc.JDBC4Connection@523884b2]
2018-07-13 19:05:06,385 453    [           main] DEBUG ansaction.jdbc.JdbcTransaction  - Closing JDBC Connection [com.mysql.jdbc.JDBC4Connection@523884b2]
2018-07-13 19:05:06,385 453    [           main] DEBUG source.pooled.PooledDataSource  - Returned connection 1379435698 to pool.
2020-05-02 08:47:53,470 0      [           main] DEBUG ache.ibatis.logging.LogFactory  - Logging initialized using 'class org.apache.ibatis.logging.log4j.Log4jImpl' adapter.
2020-05-02 08:47:53,790 320    [           main] DEBUG source.pooled.PooledDataSource  - PooledDataSource forcefully closed/removed all connections.
2020-05-02 08:47:53,790 320    [           main] DEBUG source.pooled.PooledDataSource  - PooledDataSource forcefully closed/removed all connections.
2020-05-02 08:47:53,790 320    [           main] DEBUG source.pooled.PooledDataSource  - PooledDataSource forcefully closed/removed all connections.
2020-05-02 08:47:53,791 321    [           main] DEBUG source.pooled.PooledDataSource  - PooledDataSource forcefully closed/removed all connections.
2020-05-02 08:47:53,915 445    [           main] DEBUG ansaction.jdbc.JdbcTransaction  - Opening JDBC Connection
2020-05-02 08:47:54,486 1016   [           main] DEBUG source.pooled.PooledDataSource  - Created connection 1529306539.
2020-05-02 08:47:54,487 1017   [           main] DEBUG ansaction.jdbc.JdbcTransaction  - Setting autocommit to false on JDBC Connection [com.mysql.jdbc.JDBC4Connection@5b275dab]
2020-05-02 08:47:54,493 1023   [           main] DEBUG m.itheima.dao.IUserDao.findAll  - ==>  Preparing: select * from user 
2020-05-02 08:47:54,578 1108   [           main] DEBUG m.itheima.dao.IUserDao.findAll  - ==> Parameters: 
2020-05-02 08:47:54,660 1190   [           main] DEBUG m.itheima.dao.IUserDao.findAll  - <==      Total: 6
2020-05-02 08:47:54,671 1201   [           main] DEBUG ansaction.jdbc.JdbcTransaction  - Resetting autocommit to true on JDBC Connection [com.mysql.jdbc.JDBC4Connection@5b275dab]
2020-05-02 08:47:54,672 1202   [           main] DEBUG ansaction.jdbc.JdbcTransaction  - Closing JDBC Connection [com.mysql.jdbc.JDBC4Connection@5b275dab]
2020-05-02 08:47:54,672 1202   [           main] DEBUG source.pooled.PooledDataSource  - Returned connection 1529306539 to pool.
