2018-07-13 18:41:33,248 0      [           main] DEBUG ache.ibatis.logging.LogFactory  - Logging initialized using 'class org.apache.ibatis.logging.log4j.Log4jImpl' adapter.
2018-07-13 18:41:33,762 514    [           main] DEBUG source.pooled.PooledDataSource  - PooledDataSource forcefully closed/removed all connections.
2018-07-13 18:41:33,762 514    [           main] DEBUG source.pooled.PooledDataSource  - PooledDataSource forcefully closed/removed all connections.
2018-07-13 18:41:33,762 514    [           main] DEBUG source.pooled.PooledDataSource  - PooledDataSource forcefully closed/removed all connections.
2018-07-13 18:41:33,762 514    [           main] DEBUG source.pooled.PooledDataSource  - PooledDataSource forcefully closed/removed all connections.
2018-07-13 18:41:34,031 783    [           main] DEBUG ansaction.jdbc.JdbcTransaction  - Opening JDBC Connection
2018-07-13 18:41:34,457 1209   [           main] DEBUG source.pooled.PooledDataSource  - Created connection 1344645519.
2018-07-13 18:41:34,457 1209   [           main] DEBUG ansaction.jdbc.JdbcTransaction  - Setting autocommit to false on JDBC Connection [com.mysql.jdbc.JDBC4Connection@5025a98f]
2018-07-13 18:41:34,460 1212   [           main] DEBUG m.itheima.dao.IUserDao.findAll  - ==>  Preparing: select * from user 
2018-07-13 18:41:34,489 1241   [           main] DEBUG m.itheima.dao.IUserDao.findAll  - ==> Parameters: 
2018-07-13 18:44:10,508 0      [           main] DEBUG ache.ibatis.logging.LogFactory  - Logging initialized using 'class org.apache.ibatis.logging.log4j.Log4jImpl' adapter.
2018-07-13 18:44:10,617 109    [           main] DEBUG source.pooled.PooledDataSource  - PooledDataSource forcefully closed/removed all connections.
2018-07-13 18:44:10,618 110    [           main] DEBUG source.pooled.PooledDataSource  - PooledDataSource forcefully closed/removed all connections.
2018-07-13 18:44:10,618 110    [           main] DEBUG source.pooled.PooledDataSource  - PooledDataSource forcefully closed/removed all connections.
2018-07-13 18:44:10,618 110    [           main] DEBUG source.pooled.PooledDataSource  - PooledDataSource forcefully closed/removed all connections.
2018-07-13 18:44:10,700 192    [           main] DEBUG ansaction.jdbc.JdbcTransaction  - Opening JDBC Connection
2018-07-13 18:44:10,911 403    [           main] DEBUG source.pooled.PooledDataSource  - Created connection 1690287238.
2018-07-13 18:44:10,911 403    [           main] DEBUG ansaction.jdbc.JdbcTransaction  - Setting autocommit to false on JDBC Connection [com.mysql.jdbc.JDBC4Connection@64bfbc86]
2018-07-13 18:44:10,914 406    [           main] DEBUG m.itheima.dao.IUserDao.findAll  - ==>  Preparing: select * from user 
2018-07-13 18:44:10,941 433    [           main] DEBUG m.itheima.dao.IUserDao.findAll  - ==> Parameters: 
2018-07-13 18:44:10,966 458    [           main] DEBUG m.itheima.dao.IUserDao.findAll  - <==      Total: 6
2018-07-13 18:44:10,996 488    [           main] DEBUG ansaction.jdbc.JdbcTransaction  - Resetting autocommit to true on JDBC Connection [com.mysql.jdbc.JDBC4Connection@64bfbc86]
2018-07-13 18:44:10,996 488    [           main] DEBUG ansaction.jdbc.JdbcTransaction  - Closing JDBC Connection [com.mysql.jdbc.JDBC4Connection@64bfbc86]
2018-07-13 18:44:10,997 489    [           main] DEBUG source.pooled.PooledDataSource  - Returned connection 1690287238 to pool.
2020-05-01 14:35:21,424 0      [           main] DEBUG ache.ibatis.logging.LogFactory  - Logging initialized using 'class org.apache.ibatis.logging.log4j.Log4jImpl' adapter.
2020-05-01 14:35:21,825 401    [           main] DEBUG source.pooled.PooledDataSource  - PooledDataSource forcefully closed/removed all connections.
2020-05-01 14:35:21,825 401    [           main] DEBUG source.pooled.PooledDataSource  - PooledDataSource forcefully closed/removed all connections.
2020-05-01 14:35:21,826 402    [           main] DEBUG source.pooled.PooledDataSource  - PooledDataSource forcefully closed/removed all connections.
2020-05-01 14:35:21,826 402    [           main] DEBUG source.pooled.PooledDataSource  - PooledDataSource forcefully closed/removed all connections.
2020-05-01 14:35:22,084 660    [           main] DEBUG ansaction.jdbc.JdbcTransaction  - Opening JDBC Connection
2020-05-01 15:23:02,399 0      [           main] DEBUG ache.ibatis.logging.LogFactory  - Logging initialized using 'class org.apache.ibatis.logging.log4j.Log4jImpl' adapter.
2020-05-01 15:23:02,706 307    [           main] DEBUG source.pooled.PooledDataSource  - PooledDataSource forcefully closed/removed all connections.
2020-05-01 15:23:02,706 307    [           main] DEBUG source.pooled.PooledDataSource  - PooledDataSource forcefully closed/removed all connections.
2020-05-01 15:23:02,706 307    [           main] DEBUG source.pooled.PooledDataSource  - PooledDataSource forcefully closed/removed all connections.
2020-05-01 15:23:02,706 307    [           main] DEBUG source.pooled.PooledDataSource  - PooledDataSource forcefully closed/removed all connections.
2020-05-01 15:23:02,914 515    [           main] DEBUG ansaction.jdbc.JdbcTransaction  - Opening JDBC Connection
2020-05-01 15:38:53,336 1      [           main] DEBUG ache.ibatis.logging.LogFactory  - Logging initialized using 'class org.apache.ibatis.logging.log4j.Log4jImpl' adapter.
2020-05-01 15:38:53,631 296    [           main] DEBUG source.pooled.PooledDataSource  - PooledDataSource forcefully closed/removed all connections.
2020-05-01 15:38:53,632 297    [           main] DEBUG source.pooled.PooledDataSource  - PooledDataSource forcefully closed/removed all connections.
2020-05-01 15:38:53,632 297    [           main] DEBUG source.pooled.PooledDataSource  - PooledDataSource forcefully closed/removed all connections.
2020-05-01 15:38:53,632 297    [           main] DEBUG source.pooled.PooledDataSource  - PooledDataSource forcefully closed/removed all connections.
2020-05-01 15:38:53,851 516    [           main] DEBUG ansaction.jdbc.JdbcTransaction  - Opening JDBC Connection
2020-05-01 15:52:47,122 0      [           main] DEBUG ache.ibatis.logging.LogFactory  - Logging initialized using 'class org.apache.ibatis.logging.log4j.Log4jImpl' adapter.
2020-05-01 15:52:47,420 298    [           main] DEBUG source.pooled.PooledDataSource  - PooledDataSource forcefully closed/removed all connections.
2020-05-01 15:52:47,420 298    [           main] DEBUG source.pooled.PooledDataSource  - PooledDataSource forcefully closed/removed all connections.
2020-05-01 15:52:47,421 299    [           main] DEBUG source.pooled.PooledDataSource  - PooledDataSource forcefully closed/removed all connections.
2020-05-01 15:52:47,421 299    [           main] DEBUG source.pooled.PooledDataSource  - PooledDataSource forcefully closed/removed all connections.
2020-05-01 15:52:47,633 511    [           main] DEBUG ansaction.jdbc.JdbcTransaction  - Opening JDBC Connection
2020-05-01 15:52:48,206 1084   [           main] DEBUG source.pooled.PooledDataSource  - Created connection 1318822808.
2020-05-01 15:52:48,207 1085   [           main] DEBUG ansaction.jdbc.JdbcTransaction  - Setting autocommit to false on JDBC Connection [com.mysql.jdbc.JDBC4Connection@4e9ba398]
2020-05-01 15:52:48,213 1091   [           main] DEBUG m.itheima.dao.IUserDao.findAll  - ==>  Preparing: select * from user 
2020-05-01 15:52:48,290 1168   [           main] DEBUG m.itheima.dao.IUserDao.findAll  - ==> Parameters: 
2020-05-01 15:52:48,338 1216   [           main] DEBUG m.itheima.dao.IUserDao.findAll  - <==      Total: 6
2020-05-01 15:52:48,347 1225   [           main] DEBUG ansaction.jdbc.JdbcTransaction  - Resetting autocommit to true on JDBC Connection [com.mysql.jdbc.JDBC4Connection@4e9ba398]
2020-05-01 15:52:48,348 1226   [           main] DEBUG ansaction.jdbc.JdbcTransaction  - Closing JDBC Connection [com.mysql.jdbc.JDBC4Connection@4e9ba398]
2020-05-01 15:52:48,348 1226   [           main] DEBUG source.pooled.PooledDataSource  - Returned connection 1318822808 to pool.
